# JRE version: OpenJDK Runtime Environment Corretto-11.0.17.8.1 (11.0.17+8) (build 11.0.17+8-LTS)
# Java VM: OpenJDK 64-Bit Server VM Corretto-11.0.17.8.1 (11.0.17+8-LTS, mixed mode, tiered, compressed oops, g1 gc, windows-amd64)
Heap:
 garbage-first heap   total 129024K, used 30800K [0x0000000082000000, 0x0000000100000000)
  region size 1024K, 11 young (11264K), 6 survivors (6144K)
 Metaspace       used 34711K, capacity 35768K, committed 35920K, reserved 1081344K
  class space    used 4133K, capacity 4589K, committed 4608K, reserved 1048576K
GC Heap History (6 events):
Event: 0.786 GC heap before
{Heap before GC invocations=0 (full 0):
 garbage-first heap   total 129024K, used 23552K [0x0000000082000000, 0x0000000100000000)
  region size 1024K, 24 young (24576K), 0 survivors (0K)
 Metaspace       used 12149K, capacity 12499K, committed 12672K, reserved 1060864K
  class space    used 1255K, capacity 1406K, committed 1408K, reserved 1048576K
}
Event: 0.789 GC heap after
{Heap after GC invocations=1 (full 0):
 garbage-first heap   total 129024K, used 3290K [0x0000000082000000, 0x0000000100000000)
  region size 1024K, 3 young (3072K), 3 survivors (3072K)
 Metaspace       used 12149K, capacity 12499K, committed 12672K, reserved 1060864K
  class space    used 1255K, capacity 1406K, committed 1408K, reserved 1048576K
}
Event: 1.447 GC heap before
{Heap before GC invocations=1 (full 0):
 garbage-first heap   total 129024K, used 29914K [0x0000000082000000, 0x0000000100000000)
  region size 1024K, 30 young (30720K), 3 survivors (3072K)
 Metaspace       used 20571K, capacity 21193K, committed 21296K, reserved 1069056K
  class space    used 2387K, capacity 2638K, committed 2688K, reserved 1048576K
}
Event: 1.455 GC heap after
{Heap after GC invocations=2 (full 0):
 garbage-first heap   total 129024K, used 7247K [0x0000000082000000, 0x0000000100000000)
  region size 1024K, 7 young (7168K), 7 survivors (7168K)
 Metaspace       used 20571K, capacity 21193K, committed 21296K, reserved 1069056K
  class space    used 2387K, capacity 2638K, committed 2688K, reserved 1048576K
}
Event: 16.290 GC heap before
{Heap before GC invocations=3 (full 0):
 garbage-first heap   total 129024K, used 60495K [0x0000000082000000, 0x0000000100000000)
  region size 1024K, 47 young (48128K), 7 survivors (7168K)
 Metaspace       used 33913K, capacity 34880K, committed 35248K, reserved 1079296K
  class space    used 4060K, capacity 4486K, committed 4608K, reserved 1048576K
}
Event: 16.301 GC heap after
{Heap after GC invocations=4 (full 0):
 garbage-first heap   total 129024K, used 26704K [0x0000000082000000, 0x0000000100000000)
  region size 1024K, 6 young (6144K), 6 survivors (6144K)
 Metaspace       used 33913K, capacity 34880K, committed 35248K, reserved 1079296K
  class space    used 4060K, capacity 4486K, committed 4608K, reserved 1048576K
}

